[     592ms] [INFO] %cDownload the React DevTools for a better development experience: https://react.dev/link/react-devtools font-weight:bold @ http://localhost:3000/_next/static/chunks/node_modules_next_dist_1ybzpk2._.js:2477
[     727ms] [LOG] [HMR] connected @ http://localhost:3000/_next/static/chunks/node_modules_next_dist_1ybzpk2._.js:2477
[  504594ms] [LOG] [Fast Refresh] rebuilding @ http://localhost:3000/_next/static/chunks/node_modules_next_dist_1ybzpk2._.js:2477
[  504692ms] [LOG] [Fast Refresh] done in 200ms @ http://localhost:3000/_next/static/chunks/node_modules_next_dist_1ybzpk2._.js:2477
[  510478ms] [LOG] [Fast Refresh] rebuilding @ http://localhost:3000/_next/static/chunks/node_modules_next_dist_1ybzpk2._.js:2477
[  510595ms] [ERROR] ./src/components/Testimonials.tsx:91:13
Unexpected token. Did you mean `{'}'}` or `&rbrace;`?
  89 |               </div>
  90 |             </motion.div>
> 91 |           ))}
     |             ^
  92 |         </div>
  93 |
  94 |         <p className="text-center text-champagne/15 text-[10px] tracking-wider mt-6 uppercase">

Parsing ecmascript source code failed

Import trace:
  Server Component:
    ./src/components/Testimonials.tsx
    ./src/app/page.tsx @ http://localhost:3000/_next/static/chunks/node_modules_next_dist_1ybzpk2._.js:3318
[  510776ms] [ERROR] ./src/components/Testimonials.tsx:91:13
Unexpected token. Did you mean `{'}'}` or `&rbrace;`?
  89 |               </div>
  90 |             </motion.div>
> 91 |           ))}
     |             ^
  92 |         </div>
  93 |
  94 |         <p className="text-center text-champagne/15 text-[10px] tracking-wider mt-6 uppercase">

Parsing ecmascript source code failed

Import trace:
  Server Component:
    ./src/components/Testimonials.tsx
    ./src/app/page.tsx @ http://localhost:3000/_next/static/chunks/node_modules_next_dist_1ybzpk2._.js:3318
[  510889ms] [LOG] [Fast Refresh] rebuilding @ http://localhost:3000/_next/static/chunks/node_modules_next_dist_1ybzpk2._.js:2477
[  511315ms] [ERROR] ./src/components/Testimonials.tsx:91:13
Unexpected token. Did you mean `{'}'}` or `&rbrace;`?
  89 |               </div>
  90 |             </motion.div>
> 91 |           ))}
     |             ^
  92 |         </div>
  93 |
  94 |         <p className="text-center text-champagne/15 text-[10px] tracking-wider mt-6 uppercase">

Parsing ecmascript source code failed

Import trace:
  Server Component:
    ./src/components/Testimonials.tsx
    ./src/app/page.tsx @ http://localhost:3000/_next/static/chunks/node_modules_next_dist_1ybzpk2._.js:3318
[  511410ms] [ERROR] ./src/components/Testimonials.tsx:91:13
Unexpected token. Did you mean `{'}'}` or `&rbrace;`?
  89 |               </div>
  90 |             </motion.div>
> 91 |           ))}
     |             ^
  92 |         </div>
  93 |
  94 |         <p className="text-center text-champagne/15 text-[10px] tracking-wider mt-6 uppercase">

Parsing ecmascript source code failed

Import trace:
  Server Component:
    ./src/components/Testimonials.tsx
    ./src/app/page.tsx @ http://localhost:3000/_next/static/chunks/node_modules_next_dist_1ybzpk2._.js:3318
[  511520ms] [LOG] [Fast Refresh] rebuilding @ http://localhost:3000/_next/static/chunks/node_modules_next_dist_1ybzpk2._.js:2477
[  512120ms] [ERROR] ./src/components/Testimonials.tsx:91:13
Unexpected token. Did you mean `{'}'}` or `&rbrace;`?
  89 |               </div>
  90 |             </motion.div>
> 91 |           ))}
     |             ^
  92 |         </div>
  93 |
  94 |         <p className="text-center text-champagne/15 text-[10px] tracking-wider mt-6 uppercase">

Parsing ecmascript source code failed

Import trace:
  Server Component:
    ./src/components/Testimonials.tsx
    ./src/app/page.tsx @ http://localhost:3000/_next/static/chunks/node_modules_next_dist_1ybzpk2._.js:3318
[  512122ms] [ERROR] Failed to load resource: the server responded with a status of 500 (Internal Server Error) @ http://localhost:3000/?_rsc=q3mOO9BClNZHexY7:0
[  512216ms] [ERROR] ./src/components/Testimonials.tsx:91:13
Unexpected token. Did you mean `{'}'}` or `&rbrace;`?
  89 |               </div>
  90 |             </motion.div>
> 91 |           ))}
     |             ^
  92 |         </div>
  93 |
  94 |         <p className="text-center text-champagne/15 text-[10px] tracking-wider mt-6 uppercase">

Parsing ecmascript source code failed

Import trace:
  Server Component:
    ./src/components/Testimonials.tsx
    ./src/app/page.tsx @ http://localhost:3000/_next/static/chunks/node_modules_next_dist_1ybzpk2._.js:3318
[  512216ms] [ERROR] Failed to load resource: the server responded with a status of 500 (Internal Server Error) @ http://localhost:3000/?_rsc=q3mOO9BClNZHexY7:0
[  512288ms] [ERROR] ./src/components/Testimonials.tsx:91:13
Unexpected token. Did you mean `{'}'}` or `&rbrace;`?
  89 |               </div>
  90 |             </motion.div>
> 91 |           ))}
     |             ^
  92 |         </div>
  93 |
  94 |         <p className="text-center text-champagne/15 text-[10px] tracking-wider mt-6 uppercase">

Parsing ecmascript source code failed

Import trace:
  Server Component:
    ./src/components/Testimonials.tsx
    ./src/app/page.tsx @ http://localhost:3000/_next/static/chunks/node_modules_next_dist_1ybzpk2._.js:3318
[  512354ms] [ERROR] Failed to load resource: the server responded with a status of 500 (Internal Server Error) @ http://localhost:3000/:0
[  512598ms] [INFO] %cDownload the React DevTools for a better development experience: https://react.dev/link/react-devtools font-weight:bold @ http://localhost:3000/_next/static/chunks/node_modules_react-dom_0kla17-._.js:15305
[  512719ms] Error: ./src/components/Testimonials.tsx:91:13
Unexpected token. Did you mean `{'}'}` or `&rbrace;`?
  89 |               </div>
  90 |             </motion.div>
> 91 |           ))}
     |             ^
  92 |         </div>
  93 |
  94 |         <p className="text-center text-champagne/15 text-[10px] tracking-wider mt-6 uppercase">

Parsing ecmascript source code failed

Import trace:
  Server Component:
    ./src/components/Testimonials.tsx
    ./src/app/page.tsx


    at <unknown> (Error: ./src/components/Testimonials.tsx:91:13)
    at Object.getCompilationErrors (file://C:\Users\FARAZ KHAN\Desktop\free work\anas-jewellers\node_modules\next\dist\server\dev\hot-reloader-turbopack.js:1186:59)
    at DevBundlerService.getCompilationError (file://C:\Users\FARAZ KHAN\Desktop\free work\anas-jewellers\node_modules\next\dist\server\lib\dev-bundler-service.js:44:55)
    at DevServer.getCompilationError (file://C:\Users\FARAZ KHAN\Desktop\free work\anas-jewellers\node_modules\next\dist\server\dev\next-dev-server.js:720:42)
    at DevServer.findPageComponents (file://C:\Users\FARAZ KHAN\Desktop\free work\anas-jewellers\node_modules\next\dist\server\dev\next-dev-server.js:690:43)
    at async DevServer.renderErrorToResponseImpl (file://C:\Users\FARAZ KHAN\Desktop\free work\anas-jewellers\node_modules\next\dist\server\base-server.js:1753:26)
[  512720ms] [LOG] [HMR] connected @ http://localhost:3000/_next/static/chunks/node_modules_next_dist_1gdrd03._.js:1226
[  512735ms] [ERROR] ./src/components/Testimonials.tsx:91:13
Unexpected token. Did you mean `{'}'}` or `&rbrace;`?
  89 |               </div>
  90 |             </motion.div>
> 91 |           ))}
     |             ^
  92 |         </div>
  93 |
  94 |         <p className="text-center text-champagne/15 text-[10px] tracking-wider mt-6 uppercase">

Parsing ecmascript source code failed

Import trace:
  Server Component:
    ./src/components/Testimonials.tsx
    ./src/app/page.tsx @ http://localhost:3000/_next/static/chunks/node_modules_next_dist_1gdrd03._.js:1945
[  512736ms] [ERROR] ./src/components/Testimonials.tsx:91:13
Unexpected token. Did you mean `{'}'}` or `&rbrace;`?
  89 |               </div>
  90 |             </motion.div>
> 91 |           ))}
     |             ^
  92 |         </div>
  93 |
  94 |         <p className="text-center text-champagne/15 text-[10px] tracking-wider mt-6 uppercase">

Parsing ecmascript source code failed

Import trace:
  Server Component:
    ./src/components/Testimonials.tsx
    ./src/app/page.tsx @ http://localhost:3000/_next/static/chunks/node_modules_next_dist_1gdrd03._.js:1945
[  512780ms] [ERROR] ./src/components/Testimonials.tsx:91:13
Unexpected token. Did you mean `{'}'}` or `&rbrace;`?
  89 |               </div>
  90 |             </motion.div>
> 91 |           ))}
     |             ^
  92 |         </div>
  93 |
  94 |         <p className="text-center text-champagne/15 text-[10px] tracking-wider mt-6 uppercase">

Parsing ecmascript source code failed

Import trace:
  Server Component:
    ./src/components/Testimonials.tsx
    ./src/app/page.tsx @ http://localhost:3000/_next/static/chunks/node_modules_next_dist_1gdrd03._.js:1945
[  512835ms] [ERROR] ./src/components/Testimonials.tsx:91:13
Unexpected token. Did you mean `{'}'}` or `&rbrace;`?
  89 |               </div>
  90 |             </motion.div>
> 91 |           ))}
     |             ^
  92 |         </div>
  93 |
  94 |         <p className="text-center text-champagne/15 text-[10px] tracking-wider mt-6 uppercase">

Parsing ecmascript source code failed

Import trace:
  Server Component:
    ./src/components/Testimonials.tsx
    ./src/app/page.tsx @ http://localhost:3000/_next/static/chunks/node_modules_next_dist_1gdrd03._.js:1945
[  512918ms] [LOG] [Fast Refresh] rebuilding @ http://localhost:3000/_next/static/chunks/node_modules_next_dist_1gdrd03._.js:1226
[  524056ms] [LOG] [Fast Refresh] rebuilding @ http://localhost:3000/_next/static/chunks/node_modules_next_dist_1gdrd03._.js:1226
[  524215ms] [LOG] [Fast Refresh] done in 259ms @ http://localhost:3000/_next/static/chunks/node_modules_next_dist_1gdrd03._.js:1226
[  524358ms] [LOG] [Fast Refresh] rebuilding @ http://localhost:3000/_next/static/chunks/node_modules_next_dist_1gdrd03._.js:1226
[  524496ms] [LOG] [Fast Refresh] done in 245ms @ http://localhost:3000/_next/static/chunks/node_modules_next_dist_1gdrd03._.js:1226
[  524950ms] [INFO] %cDownload the React DevTools for a better development experience: https://react.dev/link/react-devtools font-weight:bold @ http://localhost:3000/_next/static/chunks/node_modules_next_dist_1ybzpk2._.js:2477
[  525151ms] [LOG] [HMR] connected @ http://localhost:3000/_next/static/chunks/node_modules_next_dist_1ybzpk2._.js:2477
[  530500ms] [LOG] [Fast Refresh] rebuilding @ http://localhost:3000/_next/static/chunks/node_modules_next_dist_1ybzpk2._.js:2477
[  530651ms] [LOG] [Fast Refresh] done in 103ms @ http://localhost:3000/_next/static/chunks/node_modules_next_dist_1ybzpk2._.js:2477
